{"level":"info","message":"[UserService] => Signup process started"}
{"level":"info","message":"[UserService] => Signup process started"}
{"level":"info","message":"[UserService] => Signup process started"}
{"level":"info","message":"[UserService] => Signup process started"}
{"level":"info","message":"[UserService] => Signup process started"}
{"level":"info","message":"[UserService] => Signup process started"}
{"level":"info","message":"[UserService] => Signup process started"}
{"level":"info","message":"[UserService] => Signup process started"}
{"level":"info","message":"[UserService] => Signup process started"}
{"level":"info","message":"[UserService] => Signup process started"}
{"level":"info","message":"[UserService] => Signup process started"}
{"level":"info","message":"[UserService] => Signup process started"}
{"level":"info","message":"[UserService] => Signup process started"}
{"level":"info","message":"[UserService] => Signup process started"}
{"level":"info","message":"[UserService] => Signup process started"}
{"level":"info","message":"[UseService] => login process started"}
{"level":"info","message":"[UseService] => login process started"}
{"level":"info","message":"[UserService] => Signup process started"}
{"level":"info","message":"[UseService] => login process started"}
{"level":"info","message":"[UseService] => login process started"}
{"level":"info","message":"[UseService] => login process started"}
{"level":"info","message":"[UseService] => login process started"}
{"level":"info","message":"[UseService] => login process started"}
{"level":"info","message":"[UseService] => login process started"}
{"level":"info","message":"[UseService] => login process started"}
{"_message":"Blog validation failed","errors":{"body":{"kind":"required","message":"Path `body` is required.","name":"ValidatorError","path":"body","properties":{"message":"Path `body` is required.","path":"body","type":"required"}}},"level":"error","message":"[UserService] => Blog creation process failed Blog validation failed: body: Path `body` is required.","stack":"ValidationError: Blog validation failed: body: Path `body` is required.\n    at Document.invalidate (C:\\Users\\IREMIDE\\Desktop\\altSchool\\NodeJS Assignment\\Blog\\node_modules\\mongoose\\lib\\document.js:3173:32)\n    at C:\\Users\\IREMIDE\\Desktop\\altSchool\\NodeJS Assignment\\Blog\\node_modules\\mongoose\\lib\\document.js:2966:17\n    at C:\\Users\\IREMIDE\\Desktop\\altSchool\\NodeJS Assignment\\Blog\\node_modules\\mongoose\\lib\\schematype.js:1367:9\n    at process.processTicksAndRejections (node:internal/process/task_queues:77:11)"}
{"_message":"Blog validation failed","errors":{"body":{"kind":"required","message":"Path `body` is required.","name":"ValidatorError","path":"body","properties":{"message":"Path `body` is required.","path":"body","type":"required"}}},"level":"error","message":"[UserService] => Blog creation process failed Blog validation failed: body: Path `body` is required.","stack":"ValidationError: Blog validation failed: body: Path `body` is required.\n    at Document.invalidate (C:\\Users\\IREMIDE\\Desktop\\altSchool\\NodeJS Assignment\\Blog\\node_modules\\mongoose\\lib\\document.js:3173:32)\n    at C:\\Users\\IREMIDE\\Desktop\\altSchool\\NodeJS Assignment\\Blog\\node_modules\\mongoose\\lib\\document.js:2966:17\n    at C:\\Users\\IREMIDE\\Desktop\\altSchool\\NodeJS Assignment\\Blog\\node_modules\\mongoose\\lib\\schematype.js:1367:9\n    at process.processTicksAndRejections (node:internal/process/task_queues:77:11)"}
{"level":"info","message":"[UseService] => login process started"}
{"level":"info","message":"[UseService] => login process started"}
{"level":"info","message":"[UseService] => login process started"}
{"level":"info","message":"[UseService] => login process started"}
{"level":"info","message":"[UseService] => login process started"}
{"level":"info","message":"[UseService] => login process started"}
{"code":11000,"index":0,"keyPattern":{"title":1},"keyValue":{"title":"Blogger Experience Five"},"level":"error","message":"[UserService] => Blog creation process failed E11000 duplicate key error collection: BlogApp.blogs index: title_1 dup key: { title: \"Blogger Experience Five\" }","stack":"MongoServerError: E11000 duplicate key error collection: BlogApp.blogs index: title_1 dup key: { title: \"Blogger Experience Five\" }\n    at C:\\Users\\IREMIDE\\Desktop\\altSchool\\NodeJS Assignment\\Blog\\node_modules\\mongodb\\lib\\operations\\insert.js:50:33\n    at C:\\Users\\IREMIDE\\Desktop\\altSchool\\NodeJS Assignment\\Blog\\node_modules\\mongodb\\lib\\operations\\command.js:84:64\n    at process.processTicksAndRejections (node:internal/process/task_queues:95:5)"}
{"code":11000,"index":0,"keyPattern":{"title":1},"keyValue":{"title":"Blogger Experience"},"level":"error","message":"[UserService] => Blog creation process failed E11000 duplicate key error collection: BlogApp.blogs index: title_1 dup key: { title: \"Blogger Experience\" }","stack":"MongoServerError: E11000 duplicate key error collection: BlogApp.blogs index: title_1 dup key: { title: \"Blogger Experience\" }\n    at C:\\Users\\IREMIDE\\Desktop\\altSchool\\NodeJS Assignment\\Blog\\node_modules\\mongodb\\lib\\operations\\insert.js:50:33\n    at C:\\Users\\IREMIDE\\Desktop\\altSchool\\NodeJS Assignment\\Blog\\node_modules\\mongodb\\lib\\operations\\command.js:84:64\n    at process.processTicksAndRejections (node:internal/process/task_queues:95:5)"}
{"level":"info","message":"[UseService] => login process started"}
{"level":"info","message":"[UseService] => login process started"}
{"level":"info","message":"[UseService] => login process started"}
{"level":"info","message":"[UserService] => Signup process started"}
{"level":"info","message":"[UseService] => login process started"}
{"level":"info","message":"[UseService] => login process started"}
{"level":"info","message":"[UseService] => login process started"}
{"level":"info","message":"[UseService] => login process started"}
{"level":"info","message":"[UseService] => login process started"}
{"level":"info","message":"[UseService] => login process started"}
{"level":"info","message":"[UseService] => login process started"}
{"level":"info","message":"[UseService] => login process started"}
{"level":"info","message":"[UseService] => login process started"}
{"level":"info","message":"[UseService] => login process started"}
{"level":"info","message":"[UseService] => login process started"}
{"level":"info","message":"[UseService] => login process started"}
{"level":"info","message":"[UseService] => login process started"}
{"level":"info","message":"[UseService] => login process started"}
{"code":11000,"index":0,"keyPattern":{"title":1},"keyValue":{"title":"Tech Blog 7"},"level":"error","message":"[UserService] => Blog creation process failed E11000 duplicate key error collection: BlogApp.blogs index: title_1 dup key: { title: \"Tech Blog 7\" }","stack":"MongoServerError: E11000 duplicate key error collection: BlogApp.blogs index: title_1 dup key: { title: \"Tech Blog 7\" }\n    at C:\\Users\\IREMIDE\\Desktop\\altSchool\\NodeJS Assignment\\Blog\\node_modules\\mongodb\\lib\\operations\\insert.js:50:33\n    at C:\\Users\\IREMIDE\\Desktop\\altSchool\\NodeJS Assignment\\Blog\\node_modules\\mongodb\\lib\\operations\\command.js:84:64\n    at process.processTicksAndRejections (node:internal/process/task_queues:95:5)"}
{"code":11000,"index":0,"keyPattern":{"title":1},"keyValue":{"title":"Tech Blog 9"},"level":"error","message":"[UserService] => Blog creation process failed E11000 duplicate key error collection: BlogApp.blogs index: title_1 dup key: { title: \"Tech Blog 9\" }","stack":"MongoServerError: E11000 duplicate key error collection: BlogApp.blogs index: title_1 dup key: { title: \"Tech Blog 9\" }\n    at C:\\Users\\IREMIDE\\Desktop\\altSchool\\NodeJS Assignment\\Blog\\node_modules\\mongodb\\lib\\operations\\insert.js:50:33\n    at C:\\Users\\IREMIDE\\Desktop\\altSchool\\NodeJS Assignment\\Blog\\node_modules\\mongodb\\lib\\operations\\command.js:84:64\n    at process.processTicksAndRejections (node:internal/process/task_queues:95:5)"}
{"level":"info","message":"[UseService] => login process started"}
{"level":"info","message":"[UseService] => login process started"}
{"level":"info","message":"[UseService] => login process started"}
{"level":"info","message":"[UseService] => login process started"}
{"level":"info","message":"[UseService] => login process started"}
{"level":"info","message":"[UserService] => Signup process started"}
{"level":"info","message":"[UseService] => login process started"}
{"level":"info","message":"[UseService] => login process started"}
{"level":"info","message":"[UseService] => login process started"}
{"level":"info","message":"[UserService] => Signup process started"}
{"level":"info","message":"[UseService] => login process started"}
